<?xml version="1.0" encoding="UTF-8"?>
<!-- Generated by org.testng.reporters.JUnitXMLReporter -->
<testsuite ignored="0" hostname="DESKTOP-7PK38V7" failures="1" tests="1" name="Test" time="31.717" errors="0" timestamp="2021-09-04T23:05:29 BST">
  <testcase classname="io.cucumber.testng.AbstractTestNGCucumberTests" name="runScenario" time="30.104">
    <failure type="java.lang.NullPointerException">
      <![CDATA[java.lang.NullPointerException
at org.openqa.selenium.support.pagefactory.DefaultElementLocator.findElement(DefaultElementLocator.java:70)
at org.openqa.selenium.support.pagefactory.internal.LocatingElementHandler.invoke(LocatingElementHandler.java:39)
at com.sun.proxy.$Proxy18.click(Unknown Source)
at pages.HomePage.addProducts(HomePage.java:32)
at stepDefinitions.Task1Steps.i_add_four_different_products_to_my_wish_list(Task1Steps.java:46)
at ✽.I add four different products to my wish list(file:///C:/Users/Mathangi%20Hari/Codility/Codility/src/test/java/features/Task1.feature:24)
]]>
    </failure>
  </testcase> <!-- runScenario -->
</testsuite> <!-- Test -->
