<?xml version="1.0" encoding="UTF-8"?>
<testsuite xmlns:xsi="http://www.w3.org/2001/XMLSchema-instance" xsi:noNamespaceSchemaLocation="https://maven.apache.org/surefire/maven-surefire-plugin/xsd/surefire-test-report-3.0.xsd" version="3.0" name="TestSuite" time="32.928" tests="1" errors="0" skipped="0" failures="1">
  <properties>
[...]
</properties>
  <testcase name="runScenario[&quot;Title of your scenario&quot;, &quot;Optional[Title of your feature]&quot;](1)" classname="testRunners.RunTest" time="30.144">
    <failure type="java.lang.NullPointerException"><![CDATA[java.lang.NullPointerException
]]></failure>
    <system-out><![CDATA[
@Task1
Scenario: Title of your scenario                        # src/test/java/features/Task1.feature:23
  Given I add four different products to my wish list   # stepDefinitions.Task1Steps.i_add_four_different_products_to_my_wish_list()
      java.lang.NullPointerException
	at org.openqa.selenium.support.pagefactory.DefaultElementLocator.findElement(DefaultElementLocator.java:70)
	at org.openqa.selenium.support.pagefactory.internal.LocatingElementHandler.invoke(LocatingElementHandler.java:39)
	at com.sun.proxy.$Proxy18.click(Unknown Source)
	at pages.HomePage.addProducts(HomePage.java:32)
	at stepDefinitions.Task1Steps.i_add_four_different_products_to_my_wish_list(Task1Steps.java:46)
	at âœ½.I add four different products to my wish list(file:///C:/Users/Mathangi%20Hari/Codility/Codility/src/test/java/features/Task1.feature:24)

  When I view my wishlist table                         # stepDefinitions.Task1Steps.i_view_my_wishlist_table()
  Then I find total four selected items in my wishlist  # stepDefinitions.Task1Steps.i_find_total_four_selected_items_in_my_wishlist()
  When I search for lowest price product                # stepDefinitions.Task1Steps.i_search_for_lowest_price_product()
  And I am able to add the lowest price item to my cart # stepDefinitions.Task1Steps.i_am_able_to_add_the_lowest_price_item_to_my_cart()
  Then I am able to verify the item in my cart          # stepDefinitions.Task1Steps.i_am_able_to_verify_the_item_in_my_cart()
]]></system-out>
    <system-err><![CDATA[SLF4J: Failed to load class "org.slf4j.impl.StaticLoggerBinder".
SLF4J: Defaulting to no-operation (NOP) logger implementation
SLF4J: See http://www.slf4j.org/codes.html#StaticLoggerBinder for further details.
Starting ChromeDriver 92.0.4515.107 (87a818b10553a07434ea9e2b6dccf3cbe7895134-refs/branch-heads/4515@{#1634}) on port 31914
Only local connections are allowed.
Please see https://chromedriver.chromium.org/security-considerations for suggestions on keeping ChromeDriver safe.
ChromeDriver was started successfully.
Sep 04, 2021 11:05:21 PM org.openqa.selenium.remote.ProtocolHandshake createSession
INFO: Detected dialect: W3C
Sep 04, 2021 11:05:22 PM org.openqa.selenium.devtools.CdpVersionFinder findNearestMatch
WARNING: Unable to find an exact match for CDP version 92, so returning the closest version found: 91
Sep 04, 2021 11:05:22 PM org.openqa.selenium.devtools.CdpVersionFinder findNearestMatch
INFO: Found CDP implementation for version 92 of 91
]]></system-err>
  </testcase>
</testsuite>