-------------------------------------------------------------------------------
Test set: TestSuite
-------------------------------------------------------------------------------
Tests run: 1, Failures: 1, Errors: 0, Skipped: 0, Time elapsed: 32.928 s <<< FAILURE! - in TestSuite
testRunners.RunTest.runScenario["Title of your scenario", "Optional[Title of your feature]"](1)  Time elapsed: 30.144 s  <<< FAILURE!
java.lang.NullPointerException

