<?xml version="1.0" encoding="UTF-8"?>
<testng-results ignored="0" total="1" passed="1" failed="0" skipped="0">
  <reporter-output>
  </reporter-output>
  <suite started-at="2021-09-05T02:14:11 BST" name="Default suite" finished-at="2021-09-05T02:14:50 BST" duration-ms="38522">
    <groups>
      <group name="cucumber">
        <method signature="AbstractTestNGCucumberTests.runScenario(io.cucumber.testng.PickleWrapper,io.cucumber.testng.FeatureWrapper)[pri:0, instance:testRunners.RunTest@4b45a2f5]" name="runScenario" class="io.cucumber.testng.AbstractTestNGCucumberTests"/>
      </group> <!-- cucumber -->
    </groups>
    <test started-at="2021-09-05T02:14:11 BST" name="Default test" finished-at="2021-09-05T02:14:50 BST" duration-ms="38522">
      <class name="testRunners.RunTest">
        <test-method is-config="true" signature="setUpClass()[pri:0, instance:testRunners.RunTest@4b45a2f5]" started-at="2021-09-05T02:14:11 BST" name="setUpClass" finished-at="2021-09-05T02:14:12 BST" duration-ms="805" status="PASS">
          <reporter-output>
          </reporter-output>
        </test-method> <!-- setUpClass -->
        <test-method signature="runScenario(io.cucumber.testng.PickleWrapper,io.cucumber.testng.FeatureWrapper)[pri:0, instance:testRunners.RunTest@4b45a2f5]" started-at="2021-09-05T02:14:12 BST" name="runScenario" description="Runs Cucumber Scenarios" data-provider="scenarios" finished-at="2021-09-05T02:14:50 BST" duration-ms="37480" status="PASS">
          <params>
            <param index="0">
              <value>
                <![CDATA["Title of your scenario"]]>
              </value>
            </param>
            <param index="1">
              <value>
                <![CDATA["Optional[Title of your feature]"]]>
              </value>
            </param>
          </params>
          <reporter-output>
          </reporter-output>
        </test-method> <!-- runScenario -->
        <test-method is-config="true" signature="tearDownClass()[pri:0, instance:testRunners.RunTest@4b45a2f5]" started-at="2021-09-05T02:14:50 BST" name="tearDownClass" finished-at="2021-09-05T02:14:50 BST" duration-ms="175" status="PASS">
          <reporter-output>
          </reporter-output>
        </test-method> <!-- tearDownClass -->
      </class> <!-- testRunners.RunTest -->
    </test> <!-- Default test -->
  </suite> <!-- Default suite -->
</testng-results>
